<?xml version="1.0" encoding="UTF-8"?>
<testng-results ignored="0" total="1" passed="1" failed="0" skipped="0">
  <reporter-output>
  </reporter-output>
  <suite started-at="2022-02-11T22:51:42 IST" name="Default suite" finished-at="2022-02-11T22:51:44 IST" duration-ms="2192">
    <groups>
    </groups>
    <test started-at="2022-02-11T22:51:42 IST" name="Default test" finished-at="2022-02-11T22:51:44 IST" duration-ms="2192">
      <class name="EndtoEndscenario.E2EVerifyprojectId">
        <test-method signature="e2everifyproid()[pri:0, instance:EndtoEndscenario.E2EVerifyprojectId@3972a855]" started-at="2022-02-11T22:51:42 IST" name="e2everifyproid" finished-at="2022-02-11T22:51:44 IST" duration-ms="2155" status="PASS">
          <reporter-output>
          </reporter-output>
        </test-method> <!-- e2everifyproid -->
      </class> <!-- EndtoEndscenario.E2EVerifyprojectId -->
    </test> <!-- Default test -->
  </suite> <!-- Default suite -->
</testng-results>
